Arguments: 
  /home/victor/.nvm/versions/node/v14.17.6/bin/node /home/victor/.nvm/versions/node/v14.17.6/bin/yarn init

PATH: 
  /home/victor/.nvm/versions/node/v14.17.6/bin:/home/linuxbrew/.linuxbrew/bin:/home/linuxbrew/.linuxbrew/sbin:/usr/local/sbin:/usr/local/bin:/usr/sbin:/usr/bin:/sbin:/bin:/usr/games:/usr/local/games:/snap/bin:/home/victor/Android/Sdk/emulator:/home/victor/Android/Sdk/tools:/home/victor/Android/Sdk/tools/bin:/home/victor/Android/Sdk/platform-tools:/usr/lib/jvm/jdk-14.0.2/bin

Yarn version: 
  1.22.11

Node version: 
  14.17.6

Platform: 
  linux x64

Trace: 
  Error: canceled
      at Interface.<anonymous> (/home/victor/.nvm/versions/node/v14.17.6/lib/node_modules/yarn/lib/cli.js:137023:13)
      at Interface.emit (events.js:400:28)
      at Interface._ttyWrite (readline.js:910:16)
      at ReadStream.onkeypress (readline.js:235:10)
      at ReadStream.emit (events.js:400:28)
      at emitKeys (internal/readline/utils.js:358:14)
      at emitKeys.next (<anonymous>)
      at ReadStream.onData (readline.js:1179:36)
      at ReadStream.emit (events.js:400:28)
      at addChunk (internal/streams/readable.js:290:12)

npm manifest: 
  No manifest

yarn manifest: 
  No manifest

Lockfile: 
  No lockfile
